\BOOKMARK [1][-]{Doc-Start}{\376\377\144\130\000\040\211\201}{}% 1
\BOOKMARK [1][-]{Doc-Start}{\376\377\000A\000B\000S\000T\000R\000A\000C\000T}{}% 2
\BOOKMARK [1][-]{section.1}{\376\377\176\352\213\272}{}% 3
\BOOKMARK [2][-]{subsection.1.1}{\376\377\142\323\142\121\176\335\177\030\117\123}{section.1}% 4
\BOOKMARK [2][-]{subsection.1.2}{\376\377\142\323\142\121\215\205\133\374\117\123}{section.1}% 5
\BOOKMARK [2][-]{subsection.1.3}{\376\377\232\330\226\066\176\335\177\030\117\123}{section.1}% 6
\BOOKMARK [2][-]{subsection.1.4}{\376\377\142\323\142\121\221\317\133\120\213\241\173\227}{section.1}% 7
\BOOKMARK [1][-]{section.2}{\376\377\152\041\127\213\136\372\172\313}{}% 8
\BOOKMARK [2][-]{subsection.2.1}{\376\377\137\025\212\000}{section.2}% 9
\BOOKMARK [2][-]{subsection.2.2}{\376\377\152\041\127\213\116\016\124\310\133\306\230\177\221\317}{section.2}% 10
\BOOKMARK [2][-]{subsection.2.3}{\376\377\217\320\122\250\145\271\172\013}{section.2}% 11
\BOOKMARK [1][-]{section.3}{\376\377\134\102\225\364\200\046\124\010\133\371\214\061\121\375\145\160\123\312\200\375\136\046\166\204\137\161\124\315}{}% 12
\BOOKMARK [2][-]{subsection.3.1}{\376\377\214\061\121\375\145\160\213\241\173\227\176\323\147\234\123\312\122\006\147\220}{section.3}% 13
\BOOKMARK [2][-]{subsection.3.2}{\376\377\217\271\165\114\140\001\213\241\173\227\176\323\147\234\123\312\122\006\147\220}{section.3}% 14
\BOOKMARK [2][-]{subsection.3.3}{\376\377\134\100\127\337\165\065\133\120\140\001\133\306\136\246\176\323\147\234\123\312\122\006\147\220}{section.3}% 15
\BOOKMARK [2][-]{subsection.3.4}{\376\377\147\054\172\340\140\073\176\323}{section.3}% 16
\BOOKMARK [1][-]{section.4}{\376\377\215\205\133\374\136\217\123\302\221\317\213\241\173\227}{}% 17
\BOOKMARK [2][-]{subsection.4.1}{\376\377\122\250\221\317\172\172\225\364\116\055\215\205\133\374\136\217\123\302\221\317\213\241\173\227\176\323\147\234}{section.4}% 18
\BOOKMARK [2][-]{subsection.4.2}{\376\377\133\236\172\172\225\364\215\205\133\374\136\217\123\302\221\317\213\241\173\227\176\323\147\234}{section.4}% 19
\BOOKMARK [2][-]{subsection.4.3}{\376\377\147\054\172\340\140\073\176\323}{section.4}% 20
\BOOKMARK [1][-]{section.5}{\376\377\123\315\136\070\150\074\147\227\121\375\145\160\213\241\173\227}{}% 21
\BOOKMARK [2][-]{subsection.5.1}{\376\377\122\250\221\317\172\172\225\364\116\055\166\204\123\315\136\070\150\074\147\227\121\375\145\160}{section.5}% 22
\BOOKMARK [2][-]{subsection.5.2}{\376\377\174\373\176\337\217\271\165\114\131\004\166\204\123\315\136\070\150\074\147\227\121\375\145\160}{section.5}% 23
\BOOKMARK [2][-]{subsection.5.3}{\376\377\147\054\172\340\140\073\176\323}{section.5}% 24
\BOOKMARK [1][-]{section.6}{\376\377\140\073\176\323\116\016\134\125\147\033}{}% 25
\BOOKMARK [1][-]{section.6}{\376\377\123\302\200\003\145\207\163\056}{}% 26
\BOOKMARK [1][-]{section.6}{\376\377\201\364\214\042}{}% 27
\BOOKMARK [1][-]{section.6}{\376\377\123\302\200\003\145\207\163\056}{}% 28
